This is pdfTeX, Version 3.14159265-2.6-1.40.20 (TeX Live 2019) (preloaded format=pdflatex 2019.5.8)  8 JUL 2020 11:05
entering extended mode
 restricted \write18 enabled.
 file:line:error style messages enabled.
 %&-line parsing enabled.
**temp.tex
(./temp.tex
LaTeX2e <2018-12-01>

! LaTeX Error: File `siamonline190516.cls' not found.

Type X to quit or <RETURN> to proceed,
or enter new name. (Default extension: cls)

Enter file name: siamonline190516.cls

! LaTeX Error: File `siamonline190516.cls' not found.

Type X to quit or <RETURN> to proceed,
or enter new name. (Default extension: cls)

Enter file name: 
./temp.tex:2: Emergency stop.
<read *> 
         
l.2 \usepackage
               [utf8]{inputenc}^^M
End of file on the terminal!

 
Here is how much of TeX's memory you used:
 10 strings out of 492616
 208 string characters out of 6129482
 57409 words of memory out of 5000000
 4028 multiletter control sequences out of 15000+600000
 3640 words of font info for 14 fonts, out of 8000000 for 9000
 1141 hyphenation exceptions out of 8191
 11i,0n,8p,64b,8s stack positions out of 5000i,500n,10000p,200000b,80000s
./temp.tex:2:  ==> Fatal error occurred, no output PDF file produced!
